\BOOKMARK [1][-]{section.1}{\376\377\0001\000\040\000W\000o\000r\000k\000\040\000T\000a\000b\000l\000e}{}% 1
\BOOKMARK [1][-]{section.2}{\376\377\0002\000\040\000A\000b\000o\000u\000t\000\040\000t\000h\000e\000\040\000P\000r\000o\000j\000e\000c\000t}{}% 2
\BOOKMARK [2][-]{subsection.2.1}{\376\377\0002\000.\0001\000\040\000W\000h\000a\000t\000\040\000i\000s\000\040\000t\000h\000e\000\040\000p\000r\000o\000j\000e\000c\000t\000?}{section.2}% 3
\BOOKMARK [2][-]{subsection.2.2}{\376\377\0002\000.\0002\000\040\000D\000a\000t\000a}{section.2}% 4
\BOOKMARK [2][-]{subsection.2.3}{\376\377\0002\000.\0003\000\040\000T\000o\000o\000l\000s}{section.2}% 5
\BOOKMARK [3][-]{subsubsection.2.3.1}{\376\377\0002\000.\0003\000.\0001\000\040\000S\000h\000o\000d\000a\000n}{subsection.2.3}% 6
\BOOKMARK [3][-]{subsubsection.2.3.2}{\376\377\0002\000.\0003\000.\0002\000\040\000S\000t\000r\000e\000a\000m\000l\000i\000t}{subsection.2.3}% 7
\BOOKMARK [3][-]{subsubsection.2.3.3}{\376\377\0002\000.\0003\000.\0003\000\040\000L\000a\000T\000e\000X}{subsection.2.3}% 8
\BOOKMARK [1][-]{section.3}{\376\377\0003\000\040\000M\000o\000t\000i\000v\000a\000t\000i\000o\000n}{}% 9
\BOOKMARK [2][-]{subsection.3.1}{\376\377\0003\000.\0001\000\040\000C\000y\000b\000e\000r\000\040\000S\000e\000c\000u\000r\000i\000t\000y}{section.3}% 10
\BOOKMARK [3][-]{subsubsection.3.1.1}{\376\377\0003\000.\0001\000.\0001\000\040\000H\000o\000m\000e\000l\000a\000b}{subsection.3.1}% 11
\BOOKMARK [1][-]{section.4}{\376\377\0004\000\040\000R\000e\000s\000e\000a\000r\000c\000h}{}% 12
\BOOKMARK [2][-]{subsection.4.1}{\376\377\0004\000.\0001\000\040\000A\000\040\000S\000t\000u\000d\000y\000\040\000o\000n\000\040\000I\000n\000t\000e\000r\000n\000e\000t\000\040\000o\000f\000\040\000T\000h\000i\000n\000g\000s\000\040\000D\000e\000v\000i\000c\000e\000s\000\040\000V\000u\000l\000n\000e\000r\000a\000b\000i\000l\000i\000t\000i\000e\000s\000\040\000u\000s\000i\000n\000g\000\040\000S\000h\000o\000d\000a\000n}{section.4}% 13
\BOOKMARK [2][-]{subsection.4.2}{\376\377\0004\000.\0002\000\040\000G\000u\000i\000d\000e\000s\000\040\000o\000n\000\040\000h\000o\000w\000\040\000t\000o\000\040\000u\000s\000e\000\040\000S\000h\000o\000d\000a\000n}{section.4}% 14
\BOOKMARK [2][-]{subsection.4.3}{\376\377\0004\000.\0003\000\040\000U\000s\000i\000n\000g\000\040\000S\000h\000o\000d\000a\000n\000\040\000t\000o\000\040\000h\000u\000n\000t\000\040\000d\000o\000w\000n\000\040\000R\000a\000n\000s\000o\000m\000w\000a\000r\000e\000\040\000G\000r\000o\000u\000p\000s}{section.4}% 15
\BOOKMARK [1][-]{section.5}{\376\377\0005\000\040\000D\000a\000t\000a}{}% 16
\BOOKMARK [2][-]{subsection.5.1}{\376\377\0005\000.\0001\000\040\000G\000e\000t\000t\000i\000n\000g\000\040\000t\000h\000e\000\040\000D\000a\000t\000a}{section.5}% 17
\BOOKMARK [2][-]{subsection.5.2}{\376\377\0005\000.\0002\000\040\000P\000r\000e\000p\000a\000r\000i\000n\000g\000\040\000t\000h\000e\000\040\000D\000a\000t\000a}{section.5}% 18
\BOOKMARK [3][-]{subsubsection.5.2.1}{\376\377\0005\000.\0002\000.\0001\000\040\000U\000n\000e\000x\000p\000e\000c\000t\000e\000d\000\040\000I\000s\000s\000u\000e}{subsection.5.2}% 19
\BOOKMARK [2][-]{subsection.5.3}{\376\377\0005\000.\0003\000\040\000A\000n\000a\000l\000y\000z\000i\000n\000g\000\040\000t\000h\000e\000\040\000D\000a\000t\000a}{section.5}% 20
\BOOKMARK [3][-]{subsubsection.5.3.1}{\376\377\0005\000.\0003\000.\0001\000\040\000W\000h\000a\000t\000\040\000a\000r\000e\000\040\000t\000h\000e\000\040\000m\000o\000s\000t\000\040\000c\000o\000m\000m\000o\000n\000l\000y\000\040\000u\000s\000e\000d\000\040\000S\000o\000f\000t\000w\000a\000r\000e\000?}{subsection.5.3}% 21
\BOOKMARK [3][-]{subsubsection.5.3.2}{\376\377\0005\000.\0003\000.\0002\000\040\000W\000h\000a\000t\000\040\000a\000r\000e\000\040\000t\000h\000e\000\040\000m\000o\000s\000t\000\040\000c\000o\000m\000m\000o\000n\000l\000y\000\040\000u\000s\000e\000d\000\040\000p\000o\000r\000t\000s\000?}{subsection.5.3}% 22
\BOOKMARK [3][-]{subsubsection.5.3.3}{\376\377\0005\000.\0003\000.\0003\000\040\000F\000a\000k\000e\000\040\000S\000e\000c\000u\000r\000i\000t\000y\000\040\000A\000t\000t\000e\000m\000p\000t\000s}{subsection.5.3}% 23
\BOOKMARK [3][-]{subsubsection.5.3.4}{\376\377\0005\000.\0003\000.\0004\000\040\000A\000r\000e\000\040\000t\000h\000e\000r\000e\000\040\000a\000n\000y\000\040\000w\000e\000i\000r\000d\000/\000i\000n\000t\000e\000r\000e\000s\000t\000i\000n\000g\000\040\000f\000i\000n\000d\000i\000n\000g\000s\000\040\000t\000h\000a\000t\000\040\000s\000t\000a\000n\000d\000\040\000o\000u\000t\000?}{subsection.5.3}% 24
\BOOKMARK [2][-]{subsection.5.4}{\376\377\0005\000.\0004\000\040\000C\000o\000n\000c\000l\000u\000s\000i\000o\000n\000s}{section.5}% 25
\BOOKMARK [3][-]{subsubsection.5.4.1}{\376\377\0005\000.\0004\000.\0001\000\040\000W\000h\000a\000t\000\040\000d\000i\000d\000\040\000I\000\040\000l\000e\000a\000r\000n\000?}{subsection.5.4}% 26
